d1a0pa1 d1itha_
d1a0pa1 d1x3ka_
d1aisb1 d1aisb2
d1aisb1 d1h3la_
d1aisb1 d1sqga1
d1aisb1 d1tzva_
d1am9a_ d1f5na1
d1am9a_ d1tf5a2
d1am9a_ d1u00a1
d1am9a_ d1vp7a_
d1aqta1 d1lrza1
d1aqta1 d1vmga_
d1aqta1 d1y6xa1
d1aqta1 d1yvwa1
d1aqta1 d1z0jb1
d1aqta1 d1z0pa1
d1aqta1 d2c2aa1
d1aqta1 d2f6ma2
d1aqta1 d3rf3a1
d1aqta1 d4a5xa_
d1aqta1 d5k3ha3
d1b3qa1 d1fpoa2
d1b3qa1 d1quua2
d1b3qa1 d1wrda1
d1b3qa1 d3fava_
d1b3qa1 d3favb_
d1b3qa1 d3fx7a1
d1b3qa1 d3rf3a1
d1bgca_ d3s9da_
d1ci4a_ d1kw4a_
d1ci4a_ d3bs5b_
d1cnt1_ d1bgca_
d1cnt1_ d2rccb_
d1cnt1_ d3n20b_
d1cuka2 d1kw4a_
d1cuka2 d3bs5b_
d1dk8a_ d1orja1
d1dk8a_ d1t6ua_
d1dlja1 d1quua2
d1dlja1 d1txga1
d1dlja1 d1u5pa1
d1dlja1 d1wdka2
d1dlja1 d1wrda1
d1e2aa_ d1vcta1
d1e2aa_ d1wrda1
d1e2aa_ d2cbia1
d1e2aa_ d2nw8a_
d1e2aa_ d2v6ka2
d1e2aa_ d3umha_
d1e2aa_ d4iw9a2
d1e3oc2 d1r69a_
d1e3oc2 d1wtya_
d1e3oc2 d2awia1
d1e3oc2 d2bnma1
d1e3oc2 d3bvxa1
d1e3oc2 d3jxbc_
d1e3oc2 d4fzoa1
d1e7la1 d1jr3d1
d1e7la1 d2o70a1
d1e7la1 d3rf3a1
d1evsa_ d3s9da_
d1ez3a_ d1wrda1
d1ez3a_ d2f6hx_
d1ez3a_ d2ozbb1
d1f5qb1 d1aisb2
d1f5qb2 d1aisb2
d1f7ua1 d1huwa_
d1f7ua1 d1wrda1
d1f7ua1 d3mhra1
d1fioa_ d1ez3a_
d1fioa_ d1s2xa1
d1fk5a_ d2c3na2
d1fpoa1 d1fpoa2
d1fpoa1 d1orja1
d1fpoa1 d1s2xa1
d1fpoa1 d1vcta1
d1fpoa1 d1y6xa1
d1fpoa1 d2cbia1
d1fpoa1 d3ag7a1
d1fpoa1 d3rf3a1
d1fpoa1 d4dnda_
d1fpoa2 d1evsa_
d1fpoa2 d1ez3a_
d1fpoa2 d1huwa_
d1fpoa2 d1orja1
d1fpoa2 d1wrda1
d1gpja1 d1f5na1
d1gpja1 d4i9oa_
d1gpja1 d5ii8a_
d1gs9a_ d1nzea_
d1gs9a_ d2qupa_
d1gs9a_ d4atma_
d1h3la_ d1kxua1
d1h3ob1 d1kxua1
d1h97a_ d1mbaa_
d1h97a_ d2bkma_
d1h97a_ d3g46a_
d1h99a1 d1h97a_
d1h99a1 d1h99a2
d1hbka_ d2z16a1
d1hlba_ d1h97a_
d1hlba_ d1itha_
d1hlba_ d1jl7a_
d1hlba_ d1mbaa_
d1hlba_ d1tu9a1
d1hlba_ d1x3ka_
d1hlba_ d1x46a_
d1hlba_ d1x9fc_
d1hlba_ d2bkma_
d1hlba_ d2gkma_
d1hlba_ d3g46a_
d1hlba_ d3qqqa_
d1hula_ d1huwa_
d1hula_ d2ozbb1
d1huwa_ d1evsa_
d1huwa_ d3n0pa_
d1huwa_ d3s9da_
d1hw1a2 d2hs5a2
d1irxa1 d1j09a1
d1irxa1 d2cfoa2
d1itha_ d1tu9a1
d1itha_ d2bkma_
d1itha_ d2gkma_
d1jfib_ d1h3ob1
d1jfib_ d1tafa_
d1jfib_ d1tafb_
d1jfib_ d2hueb1
d1jfib_ d4caya_
d1jfib_ d4cayb_
d1jl7a_ d1h97a_
d1jl7a_ d1itha_
d1jl7a_ d1mbaa_
d1jl7a_ d1tu9a1
d1jl7a_ d2bkma_
d1jl7a_ d2gkma_
d1jl7a_ d3g46a_
d1jr3a1 d4jeaa_
d1jr3d1 d4jeaa_
d1k04a_ d1r0da_
d1k04a_ d1sj8a2
d1k04a_ d2efka1
d1k04a_ d3rf3a1
d1k04a_ d4atma_
d1k1fa_ d3fx7a1
d1k1xa1 d1u00a1
d1k1xa1 d3bvxa1
d1k1xa1 d3p0ba2
d1k4ta1 d1e2aa_
d1k4ta1 d1lrza1
d1k4ta1 d1quua2
d1k4ta1 d1seta1
d1k4ta1 d1skva1
d1k4ta1 d1vcta1
d1k4ta1 d2etda1
d1k4ta1 d4dnda_
d1k4ta1 d5k3ha3
d1ku3a_ d1aisb2
d1ku3a_ d1f5qb1
d1ku3a_ d1fc3a_
d1ku3a_ d1knca_
d1ku3a_ d1vz0a1
d1ku3a_ d3ulqb_
d1kv9a1 d3vrda2
d1kxpd1 d1kxpd2
d1kxpd1 d1n5ua1
d1kxpd1 d1n5ua2
d1kxpd3 d1kxpd2
d1kxpd3 d1mbaa_
d1kxpd3 d1x46a_
d1kxpd3 d1zk8a2
d1kxpd3 d2g7la2
d1kxpd3 d2gfna2
d1kxpd3 d3g46a_
d1kxpd3 d3q0wa2
d1kxua2 d1aisb1
d1kxua2 d1aisb2
d1kxua2 d1f5qb2
d1kxua2 d2cchb2
d1lqsl_ d1bgca_
d1lqsl_ d1evsa_
d1lqsl_ d3n0pa_
d1lrza1 d1fpoa2
d1lrza1 d1skva1
d1lrza1 d2c2aa1
d1lrza1 d2fcwa1
d1ls1a1 d1h3la_
d1ls1a1 d1kxpd2
d1ls1a1 d1n5ua1
d1ls1a1 d2gfna2
d1ls1a1 d2gkma_
d1ls1a1 d2hs5a2
d1ls1a1 d2hyja2
d1ls1a1 d2qupa_
d1m70a1 d2zxya_
d1mbaa_ d2bkma_
d1mixa1 d1h4ra1
d1mn3a_ d1t33a2
d1mn3a_ d1v2za1
d1mn3a_ d2izza2
d1mv8a1 d1evsa_
d1n4ka1 d2c3na2
d1n5ua1 d1kxpd2
d1n5ua2 d1kxpd2
d1n5ua3 d1kxpd2
d1n5ua3 d1n5ua1
d1n5ua3 d1n5ua2
d1nkpa1 d1f5na1
d1nkpa1 d1u00a1
d1nkpa1 d1y9ba1
d1no1a1 d2hs5a2
d1nzea_ d3bqoa_
d1nzna1 d3bqoa_
d1oaia_ d1r5la1
d1oaia_ d1x2ia1
d1oaia_ d1xb2b1
d1ojha_ d1nkpa1
d1ojha_ d1vp7a_
d1ojha_ d2o70a1
d1ojha_ d3zyla1
d1ojha_ d3zyla2
d1or7a2 d1h3la_
d1or7a2 d1rp3a3
d1orja1 d1nzea_
d1orja1 d2im8a_
d1orja1 d2qupa_
d1orja1 d3umha_
d1q0qa1 d1rp3a3
d1q0qa1 d1xqoa_
d1q0qa1 d2jdia1
d1q0qa1 d2pv4a1
d1q0qa1 d5ii8a_
d1qksa1 d1kv9a1
d1qksa1 d3vrda2
d1qsda_ d1k04a_
d1qsda_ d1vcta1
d1qsda_ d1wrda1
d1qsda_ d2efka1
d1qsda_ d2etda1
d1qsda_ d2nw8a_
d1qsda_ d2ozbb1
d1qsda_ d2qupa_
d1qsda_ d3fava_
d1qsda_ d3fx7a1
d1qsda_ d3umha_
d1quua1 d1e2aa_
d1quua1 d1fioa_
d1quua1 d1qsda_
d1quua1 d1s35a1
d1quua1 d1u5pa1
d1quua1 d1vcta1
d1quua1 d1wrda1
d1quua1 d2fcwa1
d1quua1 d2nw8a_
d1quua1 d3umha_
d1quua1 d3zyla2
d1quua1 d4atma_
d1quua2 d1ez3a_
d1quua2 d1wrda1
d1quua2 d2f6hx_
d1r0da_ d1sj8a2
d1r0da_ d1txda1
d1r0da_ d3n20b_
d1r5la1 d1xb2b1
d1r5la1 d2pv4a1
d1r69a_ d1aisb2
d1r69a_ d1x46a_
d1r69a_ d2wtga_
d1r6ta1 d1fpoa2
d1r6ta1 d1lrza1
d1r6ta1 d1quua2
d1r6ta1 d1skva1
d1r6ta1 d1y6xa1
d1r6ta1 d2cbia1
d1r6ta1 d2f6ma2
d1r6ta1 d2p06a1
d1r6ta1 d3fava_
d1r6ta1 d4dnda_
d1r71a_ d1vz0a1
d1rkta2 d1hw1a2
d1rkta2 d1vi0a2
d1rkta2 d1zk8a2
d1rkta2 d2d6ya2
d1rkta2 d2fd5a2
d1rkta2 d2fq4a2
d1rkta2 d2g3ba2
d1rkta2 d2gfna2
d1rkta2 d2hyja2
d1rkta2 d2o7ta2
d1rkta2 d3q0wa2
d1rp3a3 d1h3la_
d1rp3a3 d2i53a1
d1rp3a3 d2pv4a1
d1s35a1 d1vcta1
d1s35a1 d1wrda1
d1s35a1 d2nw8a_
d1s35a1 d4dnda_
d1s35a1 d4iw9a2
d1s7za_ d2oeba1
d1seta1 d1ez3a_
d1seta1 d2fcwa1
d1seta1 d2ozbb1
d1sj8a2 d3umha_
d1sj8a2 d4atma_
d1sknp_ d1knca_
d1sknp_ d1s2xa1
d1sknp_ d1s35a1
d1sknp_ d2q0ta1
d1sknp_ d3no6a1
d1sknp_ d4zdsa1
d1skva1 d1wrda1
d1sqga1 d1q8ca_
d1t33a2 d2g3ba2
d1t33a2 d2gfna2
d1t33a2 d2o7ta2
d1t33a2 d4jyka2
d1t6ua_ d1nzea_
d1t6ua_ d3bqoa_
d1t6ua_ d4jeaa_
d1tafb_ d1tafa_
d1tafb_ d1x3ka_
d1tu9a1 d2bkma_
d1tu9a1 d2gkma_
d1tuka_ d1fk5a_
d1tuka_ d1hypa_
d1tuka_ d1kx9a_
d1tuka_ d1n4ka1
d1tuka_ d2zhja_
d1tuka_ d3zyla1
d1tx4a_ d1pbwa_
d1tzva_ d1lwba_
d1u00a1 d3bvxa1
d1u5pa1 d1wrda1
d1u5pa1 d2fcwa1
d1u5pa1 d3umha_
d1u61a_ d1ztda1
d1u84a_ d1cuka2
d1u84a_ d1h99a1
d1u84a_ d1xqoa_
d1u84a_ d4e9ea_
d1ui5a2 d1t33a2
d1ui5a2 d1vi0a2
d1ui5a2 d1zk8a2
d1ui5a2 d2d6ya2
d1ui5a2 d2g3ba2
d1ui5a2 d2gfna2
d1ui5a2 d2hyja2
d1ui5a2 d2jj7a2
d1ui5a2 d3c07a2
d1ui5a2 d3q0wa2
d1ui5a2 d4jyka2
d1uuja_ d1h6pa_
d1v2za1 d1mbaa_
d1v2za1 d1x46a_
d1v2za1 d1x9fc_
d1v2za1 d2wtga_
d1v2za1 d3qqqa_
d1v2za1 d3zyla1
d1vcta1 d1f5na1
d1vcta1 d1fpoa2
d1vcta1 d1nzea_
d1vcta1 d1s2xa1
d1vcta1 d1t6ua_
d1vcta1 d1wrda1
d1vcta1 d2ozbb1
d1vcta1 d3umha_
d1vdza3 d2jdia1
d1vdza3 d2jdid1
d1vi0a2 d1zk8a2
d1vi0a2 d2g3ba2
d1vi0a2 d2jj7a2
d1vi0a2 d2o7ta2
d1vmga_ d1nzea_
d1vmga_ d2qupa_
d1vp7a_ d1fpoa2
d1vp7a_ d1lrza1
d1vp7a_ d1seta1
d1vp7a_ d1t6ua_
d1vp7a_ d1wrda1
d1vp7a_ d2c2aa1
d1vp7a_ d2fcwa1
d1vp7a_ d4dnda_
d1vq8v1 d1skva1
d1vq8v1 d1wrda1
d1vq8v1 d2f6mb2
d1vqra1 d3m1ta1
d1w98b1 d1aisb2
d1w98b1 d1f5qb1
d1wtya_ d1nzea_
d1wy6a_ d1lsha1
d1x2ia1 d1ci4a_
d1x2ia1 d1muna_
d1x2ia1 d3bs5b_
d1x3ka_ d1h97a_
d1x3ka_ d1itha_
d1x3ka_ d1mbaa_
d1x3ka_ d1tu9a1
d1x3ka_ d1x46a_
d1x3ka_ d1x9fc_
d1x3ka_ d2bkma_
d1x3ka_ d2gkma_
d1x3ka_ d3g46a_
d1x3ka_ d3qqqa_
d1x46a_ d2bkma_
d1x9fc_ d1h97a_
d1x9fc_ d1itha_
d1x9fc_ d1mbaa_
d1x9fc_ d1tu9a1
d1x9fc_ d2bkma_
d1x9fc_ d2gkma_
d1x9fc_ d3g46a_
d1xeqa1 d1ez3a_
d1xeqa1 d1wrda1
d1xeqa1 d2o7ta2
d1xeqa1 d2ozbb1
d1xeqa1 d2qupa_
d1xeqa1 d4dnda_
d1xl3c1 d1f5na1
d1xl3c1 d1xkpa1
d1xl3c1 d4zeya1
d1xsva_ d1or7a1
d1xsva_ d1rp3a2
d1y7ya1 d1r69a_
d1y7ya1 d1wtya_
d1y7ya1 d2awia1
d1y7ya1 d2o4aa2
d1y7ya1 d3g46a_
d1y7ya1 d3jxbc_
d1y9ba1 d1f5na1
d1y9ba1 d2fcwa1
d1y9qa1 d2bnma1
d1y9qa1 d3f52a_
d1yaro_ d1gs9a_
d1yaro_ d3n0pa_
d1yaro_ d4atma_
d1yiba1 d1nkpa1
d1yiba1 d1s2xa1
d1yiba1 d1seta1
d1yiba1 d2c2aa1
d1yiba1 d3fx7a1
d1yiba1 d4dnda_
d1yiba1 d4f01a2
d1yiba1 d4j42a_
d1yjqa1 d3daga2
d1yt3a2 d1h99a1
d1yvwa1 d1fpoa2
d1yvwa1 d1vmga_
d1yvwa1 d1y6xa1
d1yvwa1 d2oeba1
d1z0jb1 d1lrza1
d1z0jb1 d1skva1
d1z0jb1 d1vq8v1
d1z0jb1 d2c2aa1
d1z0jb1 d2f6ma2
d1z0jb1 d2p06a1
d1z0jb1 d4a5xa_
d1z0jb1 d4dnda_
d1z0pa1 d1skva1
d1z0pa1 d1wrda1
d1z0pa1 d2fcwa1
d1z0xa2 d2f6hx_
d1z0xa2 d2g3ba2
d1z0xa2 d2g7la2
d1z0xa2 d4jyka2
d1z6om1 d1txda1
d1z6om1 d2cf7a_
d1z6om1 d3bvfa1
d1z6om1 d3n20b_
d1z8ua_ d1f5na1
d1z8ua_ d1s2xa1
d1z8ua_ d1tu9a1
d1z8ua_ d1txga1
d1z8ua_ d1x46a_
d1z8ua_ d2oeba1
d1z8ua_ d3qqqa_
d1zk8a2 d2ozbb1
d1zkea1 d1lrza1
d1zkea1 d2c2aa1
d1zkea1 d2etda1
d1zkea1 d2f6ma2
d1zkea1 d2fcwa1
d1zkea1 d2qupa_
d1zkea1 d4dnda_
d1zkea1 d5k3ha3
d1zkra2 d1utga_
d1zs4a1 d3c07a2
d1zx3a1 d1knca_
d1zyma1 d1gs9a_
d1zyma1 d1sj8a2
d2a2ma1 d3n0pa_
d2a2ma1 d3no6a1
d2a2ma1 d4kvsa_
d2a9ua1 d1f5na1
d2a9ua1 d1vcta1
d2a9ua1 d3zyla2
d2awia1 d1r69a_
d2awia1 d1wtya_
d2awia1 d2o38a1
d2az0a1 d2c2aa1
d2az0a1 d2fcwa1
d2az0a1 d3favb_
d2az0a1 d3fx7a1
d2az0a1 d4w4ka_
d2bcqa1 d1muna_
d2bcqa1 d1nu9c2
d2bcqa1 d1zyma1
d2bcqa1 d5k3ha3
d2bnma1 d2wtga_
d2c0ga1 d1yvwa1
d2c2aa1 d1ez3a_
d2c2aa1 d1f5na1
d2c2aa1 d2etda1
d2c2aa1 d2fcwa1
d2c2aa1 d2qupa_
d2ca5a1 d1fpoa2
d2ca5a1 d1lrza1
d2ca5a1 d1vmga_
d2ca5a1 d1zkea1
d2ca5a1 d2hmza_
d2ca5a1 d4dnda_
d2ca5a1 d5k3ha3
d2cbia1 d1dbha1
d2cbia1 d2i0ma_
d2cbia1 d3mhra1
d2cchb2 d1aisb1
d2cchb2 d1aisb2
d2cchb2 d1f5qb2
d2cchb2 d3m1ta1
d2cf7a_ d1dbha1
d2cf7a_ d1ntya1
d2cf7a_ d1r0da_
d2cf7a_ d1txda1
d2cf7a_ d2dfka1
d2cf7a_ d3d19a1
d2cf7a_ d3n0pa_
d2cf7a_ d3n20b_
d2d6ya2 d1z0xa2
d2d6ya2 d1zk8a2
d2d6ya2 d2g3ba2
d2d6ya2 d2o7ta2
d2d8da1 d1hlba_
d2d8da1 d1v2za1
d2d8da1 d1x46a_
d2d8da1 d2gkma_
d2dfka1 d1ntya1
d2ebya_ d1e3oc2
d2ebya_ d1r69a_
d2ebya_ d1y7ya1
d2ebya_ d1y9qa1
d2ebya_ d2awia1
d2ebya_ d2bnma1
d2ebya_ d2ofya1
d2ebya_ d3f52a_
d2ebya_ d3jxbc_
d2ebya_ d4i6ra_
d2efka1 d4atma_
d2elca1 d1n4ka1
d2es9a1 d1izma_
d2es9a1 d3zyla1
d2etda1 d1dbha1
d2etda1 d1txda1
d2etda1 d2ozbb1
d2f6ma2 d1fpoa2
d2f6ma2 d1skva1
d2f6ma2 d2c2aa1
d2f6ma2 d2cbia1
d2f6ma2 d2fcwa1
d2f6ma2 d4dnda_
d2f6mb2 d1ez3a_
d2f6mb2 d2c3na2
d2f6mb2 d2ozbb1
d2fbqa2 d1t33a2
d2fbqa2 d1vi0a2
d2fbqa2 d1zk8a2
d2fbqa2 d2d6ya2
d2fbqa2 d2fq4a2
d2fbqa2 d2g3ba2
d2fbqa2 d2gfna2
d2fbqa2 d2hkua2
d2fbqa2 d2hyja2
d2fbqa2 d2jj7a2
d2fbqa2 d2o7ta2
d2fbqa2 d2oi8a2
d2fbqa2 d3q0wa2
d2fbqa2 d4jyka2
d2fd5a2 d1t33a2
d2fd5a2 d1ui5a2
d2fd5a2 d1z0xa2
d2fd5a2 d2g7la2
d2fd5a2 d3c07a2
d2fefa1 d1cnt1_
d2fefa1 d2etda1
d2fefa1 d3mhra1
d2fmpa2 d1ci4a_
d2fmpa2 d1cuka2
d2fmpa2 d2q0zx1
d2fmpa2 d2z43b1
d2fq4a2 d1zk8a2
d2fq4a2 d2fd5a2
d2fq4a2 d2jj7a2
d2fq4a2 d2o7ta2
d2g3ba2 d2o7ta2
d2g77a2 d2pv4a1
d2g7la2 d2o7ta2
d2g7oa1 d2cbia1
d2g7oa1 d2izza2
d2g7oa1 d2vs0a_
d2g7oa1 d4ypoa2
d2gboa1 d1f5na1
d2gboa1 d1s2xa1
d2gboa1 d2c2aa1
d2gboa1 d2f6ma2
d2gboa1 d2f6mb2
d2gboa1 d2qupa_
d2gfna2 d1z0xa2
d2gfna2 d2g3ba2
d2gfna2 d2o7ta2
d2grrb_ d3zyla1
d2gsva1 d1fpoa1
d2gsva1 d1s2xa1
d2gsva1 d1xl3c1
d2gsva1 d1zyma1
d2hkua2 d1vi0a2
d2hkua2 d1z0xa2
d2hkua2 d1zk8a2
d2hkua2 d2d6ya2
d2hkua2 d2fd5a2
d2hkua2 d2fq4a2
d2hkua2 d2g3ba2
d2hkua2 d2gfna2
d2hkua2 d2hyja2
d2hkua2 d2jj7a2
d2hkua2 d2o7ta2
d2hkua2 d3q0wa2
d2hmza_ d1bgca_
d2hmza_ d1cnt1_
d2hmza_ d1gs9a_
d2hmza_ d1h6pa_
d2hmza_ d1nzea_
d2hmza_ d2im8a_
d2hmza_ d3v5wa1
d2hmza_ d4jeaa_
d2hnla2 d2hrkb_
d2hnla2 d3mhra1
d2hrkb_ d2c3na2
d2hrkb_ d4iw9a2
d2hueb1 d1h3ob1
d2hueb1 d1kxua1
d2hueb1 d1tafa_
d2huec_ d1h3ob1
d2huec_ d1tafa_
d2huec_ d1tafb_
d2huec_ d1tf5a2
d2huec_ d2hueb1
d2huja1 d1gs9a_
d2huja1 d1h6pa_
d2huja1 d1nzea_
d2huja1 d1t6ua_
d2huja1 d3bqoa_
d2huja1 d3rf3a1
d2hyja2 d1gs9a_
d2hyja2 d1hw1a2
d2hyja2 d1z0xa2
d2hyja2 d1zk8a2
d2hyja2 d2g3ba2
d2hyja2 d2hs5a2
d2hyja2 d2jj7a2
d2hyja2 d2o7ta2
d2i53a1 d1aisb2
d2idob_ d1knca_
d2idob_ d1uz3a_
d2idob_ d2i53a1
d2idob_ d3zyla1
d2im8a_ d1h6pa_
d2im8a_ d1nzea_
d2im8a_ d3bqoa_
d2jdia1 d2jdid1
d2jj7a2 d1hw1a2
d2jj7a2 d1nzea_
d2jj7a2 d1zk8a2
d2jj7a2 d3c07a2
d2nr5a1 d1n5ua1
d2nr5a1 d1qsda_
d2nr5a1 d1s2xa1
d2nr5a1 d1tf5a2
d2nr5a1 d1zyma1
d2nr5a1 d2c2aa1
d2nr5a1 d3favb_
d2nr5a1 d4jeaa_
d2nr5a1 d5k3ha3
d2nw8a_ d1fioa_
d2o38a1 d2bnma1
d2o38a1 d3f52a_
d2o4aa2 d1r69a_
d2o4aa2 d2bnma1
d2o4aa2 d3jxbc_
d2o4aa2 d4i6ra_
d2o6ka1 d3bs5b_
d2oeea1 d1knca_
d2ofya1 d1r69a_
d2ofya1 d1y9qa1
d2ofya1 d2awia1
d2ofya1 d2bnma1
d2ofya1 d3f52a_
d2ofya1 d3jxbc_
d2ofya1 d4i6ra_
d2ofya1 d4qspa1
d2oi8a2 d1zk8a2
d2oi8a2 d2d6ya2
d2oi8a2 d2g3ba2
d2oi8a2 d2gfna2
d2oi8a2 d2o7ta2
d2oi8a2 d3c07a2
d2oi8a2 d3q0wa2
d2oi8a2 d4jyka2
d2okua1 d2efka1
d2okua1 d3bvxa1
d2okua1 d3d19a1
d2okua1 d4atma_
d2ouwa1 d1knca_
d2ouwa1 d2cwqa1
d2ouwa1 d2q0ta1
d2oyoa1 d1knca_
d2p06a1 d1ez3a_
d2p06a1 d1fpoa2
d2p06a1 d1lrza1
d2p06a1 d1vmga_
d2p6va1 d2qsba1
d2ppxa1 d1e3oc2
d2ppxa1 d2o38a1
d2ppxa1 d2o4aa2
d2ppxa1 d2ofya1
d2ppxa1 d4i6ra_
d2q0ta1 d1knca_
d2q0ta1 d2oyoa1
d2q9qb1 d1s35a1
d2q9qb1 d1u5pa1
d2q9qb1 d2f6hx_
d2q9qb1 d2q9qd1
d2q9qb1 d3zyla2
d2qklb_ d1f5na1
d2qsba1 d2ozbb1
d2qupa_ d1hw1a2
d2qupa_ d1nzea_
d2qupa_ d3umha_
d2rccb_ d3n0pa_
d2rccb_ d3no6a1
d2rccb_ d3pvtb1
d2rccb_ d4kvsa_
d2spca_ d1ez3a_
d2spca_ d1f5na1
d2spca_ d1qsda_
d2spca_ d1quua1
d2spca_ d1u5pa1
d2spca_ d2efka1
d2spca_ d2fcwa1
d2spca_ d3fava_
d2spca_ d3umha_
d2spca_ d4w4ka_
d2v6ka2 d2c3na2
d2v6ka2 d4iw9a2
d2vs0a_ d1ez3a_
d2vs0a_ d1quua2
d2vs0a_ d2fcwa1
d2vs0a_ d2ozbb1
d2vs0a_ d3fx7a1
d2vs0a_ d4w4ka_
d2wb9a2 d1e2aa_
d2wb9a2 d1fioa_
d2wb9a2 d2hnla2
d2wb9a2 d2hrkb_
d2wb9a2 d2nw8a_
d2wb9a2 d3mhra1
d2wb9a2 d4hz2a2
d2wtga_ d1mbaa_
d2wtga_ d1x46a_
d2wtga_ d2bkma_
d2wtga_ d3g46a_
d2yvea2 d1z0xa2
d2yvea2 d2g3ba2
d2yvea2 d2hyja2
d2yvea2 d2oi8a2
d2yvea2 d3q0wa2
d2yvea2 d4jyka2
d2z0aa_ d1n4ka1
d2z0aa_ d1qsda_
d2z0aa_ d1s35a1
d2z0aa_ d1seta1
d2z0aa_ d1wrda1
d2z0aa_ d2fcwa1
d2z0aa_ d2o7ta2
d2z0aa_ d2qzca_
d2z0aa_ d3bvxa1
d2z0aa_ d4dnda_
d2z43b1 d1aisb2
d2z43b1 d1ci4a_
d2z43b1 d1kl9a1
d2z43b1 d1kw4a_
d2z43b1 d1muna_
d2z43b1 d1u84a_
d2z43b1 d2q0zx1
d2z43b1 d3bs5b_
d2z43b1 d4e9ea_
d2zxya_ d1cuka2
d2zxya_ d1qksa1
d3ag3e_ d3zyla1
d3ag7a1 d2etda1
d3bhpa_ d1wtya_
d3bs5b_ d1kw4a_
d3bvfa1 d1txda1
d3bvfa1 d2a2ma1
d3bvfa1 d2dfka1
d3bvfa1 d3n0pa_
d3bvfa1 d3n20b_
d3c07a2 d1t33a2
d3c07a2 d1zk8a2
d3c07a2 d2g3ba2
d3c07a2 d2g7la2
d3c07a2 d2gfna2
d3c07a2 d3q0wa2
d3d19a1 d1dbha1
d3d19a1 d1evsa_
d3daga2 d1evsa_
d3daga2 d1txga1
d3daga2 d4ypoa2
d3fava_ d1fpoa2
d3fava_ d1lrza1
d3fava_ d1quua2
d3fava_ d1u5pa1
d3fava_ d2qupa_
d3fava_ d3favb_
d3fava_ d3rf3a1
d3fava_ d4dnda_
d3favb_ d1quua2
d3favb_ d2fcwa1
d3fx7a1 d1ez3a_
d3fx7a1 d1quua2
d3fx7a1 d2fcwa1
d3fx7a1 d2ozbb1
d3fxka2 d1s7za_
d3fxka2 d1uz3a_
d3fxka2 d3zyla1
d3fxka2 d4adya2
d3g21a_ d1izma_
d3g46a_ d1mbaa_
d3g46a_ d2bkma_
d3jxbc_ d1h97a_
d3jxbc_ d1mbaa_
d3jxbc_ d1r69a_
d3jxbc_ d1x46a_
d3jxbc_ d2awia1
d3jxbc_ d2wtga_
d3kb9a_ d3vj8a_
d3kb9a_ d5dz2a_
d3n0pa_ d3s9da_
d3n20b_ d3no6a1
d3n20b_ d3pvtb1
d3n20b_ d4kvsa_
d3no6a1 d4kvsa_
d3p0ba2 d1nzea_
d3piwa_ d2a2ma1
d3piwa_ d2rccb_
d3piwa_ d3no6a1
d3piwa_ d3pvtb1
d3piwa_ d3q1si_
d3piwa_ d3s9da_
d3pvtb1 d3n0pa_
d3pvtb1 d4kvsa_
d3q0wa2 d1z0xa2
d3q0wa2 d1zk8a2
d3q0wa2 d2g3ba2
d3q0wa2 d2gfna2
d3q0wa2 d2o7ta2
d3qqqa_ d1h97a_
d3qqqa_ d1itha_
d3qqqa_ d1mbaa_
d3qqqa_ d1tu9a1
d3qqqa_ d1x46a_
d3qqqa_ d2bkma_
d3qqqa_ d2gkma_
d3qqqa_ d3g46a_
d3rf3a1 d1gs9a_
d3rf3a1 d1nzea_
d3rf3a1 d1sj8a2
d3rf3a1 d1t6ua_
d3rf3a1 d2im8a_
d3rf3a1 d3no6a1
d3rf3a1 d4atma_
d3s9da_ d3q1si_
d3sbtb2 d3mhra1
d3ulqb_ d1aisb2
d3ulqb_ d1f5qb1
d3ulqb_ d1fc3a_
d3ulqb_ d1i36a1
d3ulqb_ d1vz0a1
d3ulqb_ d1z67a1
d3umha_ d1ez3a_
d3umha_ d1f5na1
d3vrda1 d1qksa1
d3zyla1 d2f6hx_
d3zyla2 d1e2aa_
d3zyla2 d1nzea_
d3zyla2 d1qsda_
d3zyla2 d1s35a1
d3zyla2 d1u5pa1
d3zyla2 d1vcta1
d3zyla2 d1wrda1
d3zyla2 d2nw8a_
d3zyla2 d3umha_
d3zyla2 d4dnda_
d4a5xa_ d1f7ua1
d4a5xa_ d1fpoa2
d4a5xa_ d1n1ca1
d4a5xa_ d1orja1
d4a5xa_ d1t6ua_
d4a5xa_ d1wrda1
d4a5xa_ d2cbia1
d4a5xa_ d4dnda_
d4a5xa_ d4jeaa_
d4bpfa1 d4mrtc1
d4caya_ d1h3ob1
d4caya_ d1kxpd2
d4caya_ d1tafa_
d4caya_ d2hueb1
d4dnda_ d1fpoa2
d4dnda_ d1quua2
d4dnda_ d1wrda1
d4dnda_ d2cbia1
d4dnda_ d2fcwa1
d4dnda_ d2ozbb1
d4dnda_ d3umha_
d4drib1 d1jr3d1
d4drib1 d1nzea_
d4drib1 d1orja1
d4drib1 d1t6ua_
d4drib1 d3bqoa_
d4drib1 d3rf3a1
d4drib1 d4jeaa_
d4e9ea_ d1xqoa_
d4eada1 d1khda1
d4f01a2 d1k04a_
d4f01a2 d1nu9c2
d4f01a2 d1nzea_
d4f01a2 d2efka1
d4f01a2 d2etda1
d4f01a2 d2hmza_
d4f01a2 d2im8a_
d4f01a2 d2okua1
d4f01a2 d3bvxa1
d4f01a2 d4fzoa1
d4fzoa1 d1k1xa1
d4fzoa1 d1nu9c2
d4fzoa1 d1nzea_
d4fzoa1 d1t6ua_
d4fzoa1 d2etda1
d4fzoa1 d2fcwa1
d4fzoa1 d2qupa_
d4fzoa1 d4jeaa_
d4gria2 d1j09a1
d4gria2 d2cfoa2
d4hz2a2 d1fioa_
d4hz2a2 d1n4ka1
d4hz2a2 d2hnla2
d4hz2a2 d2hrkb_
d4hz2a2 d3mhra1
d4i6ra_ d2bnma1
d4i6ra_ d3f52a_
d4iw9a2 d1dbha1
d4iw9a2 d3mhra1
d4j42a_ d1e2aa_
d4j42a_ d1qsda_
d4j42a_ d1quua2
d4j42a_ d1seta1
d4j42a_ d1u5pa1
d4j42a_ d2c2aa1
d4j42a_ d2fcwa1
d4j42a_ d2ozbb1
d4j42a_ d2vs0a_
d4j42a_ d3fava_
d4j42a_ d3fx7a1
d4jeaa_ d1h6pa_
d4jeaa_ d3no6a1
d4jyka2 d2g3ba2
d4jyka2 d2o7ta2
d4kvsa_ d3n0pa_
d4lrsa2 d1aisb2
d4lrsa2 d1h3la_
d4lrsa2 d1kxua1
d4lrsa2 d1ls1a1
d4lrsa2 d2i53a1
d4lzda1 d1szha1
d4lzda1 d2fmpa1
d4npda_ d3bvxa1
d4p3aa1 d1irxa1
d4po5a1 d1h97a_
d4po5a1 d1hlba_
d4po5a1 d1itha_
d4po5a1 d1jl7a_
d4po5a1 d1mbaa_
d4po5a1 d1tu9a1
d4po5a1 d1x3ka_
d4po5a1 d1x46a_
d4po5a1 d1x9fc_
d4po5a1 d2bkma_
d4po5a1 d2wtga_
d4po5a1 d3g46a_
d4po5a1 d3qqqa_
d4qspa1 d1bgca_
d4qspa1 d3d19a1
d4qspa1 d4pkla1
d4rhwe_ d4qspa1
d4v2oa_ d1kxpd1
d4v2oa_ d1n5ua1
d4v2oa_ d1txga1
d4v2oa_ d1x9fc_
d4v2oa_ d2g3ba2
d4v2oa_ d2gfna2
d4w4ka_ d1f5na1
d4w4ka_ d1quua2
d4w4ka_ d2fcwa1
d4w4ka_ d2ozbb1
d4w4ka_ d3favb_
d4w4ka_ d4zeya1
d4zeya1 d1ez3a_
d4zeya1 d1nzea_
d5b1na_ d4w4ka_
d5b1na_ d5gmza_
d5c8ga_ d4pkla1
d5k3ha3 d3d19a1
d5kzaa1 d1x3ka_
d5kzaa1 d2fefa1
d5kzaa1 d2wtga_
d5kzaa1 d4qspa1
d5kzaa1 d4zdsa1
d5v8za1 d1nzea_
d5v8za1 d1y6xa1
d5v8za1 d1yvwa1
d5v8za1 d1zyma1
d5v8za1 d5gmza_
